<?xml version="1.0" encoding="UTF-8"?>
<!-- Generated by org.testng.reporters.JUnitReportReporter -->
<testsuite hostname="LPT-1189" failures="0" tests="1" name="TestCases.E2E_OrderTest" time="32.191" errors="0" timestamp="2023-05-08T16:38:50 IST" skipped="0">
  <testcase classname="TestCases.E2E_OrderTest" name="placeOrder" time="32.191"/>
  <system-out/>
</testsuite> <!-- TestCases.E2E_OrderTest -->
